2022-02-10 14:13:36,413 [myid:] - INFO  [main:QuorumPeerConfig@174] - Reading configuration from: D:\Program Files\Apache\apache-zookeeper-3.7.0-bin\conf\zoo.cfg
2022-02-10 14:13:36,420 [myid:] - WARN  [main:VerifyingFileFactory@65] - \tmp\zookeeper is relative. Prepend .\ to indicate that you're sure!
2022-02-10 14:13:36,430 [myid:] - INFO  [main:QuorumPeerConfig@444] - clientPortAddress is 0.0.0.0:2181
2022-02-10 14:13:36,430 [myid:] - INFO  [main:QuorumPeerConfig@448] - secureClientPort is not set
2022-02-10 14:13:36,430 [myid:] - INFO  [main:QuorumPeerConfig@464] - observerMasterPort is not set
2022-02-10 14:13:36,430 [myid:] - INFO  [main:QuorumPeerConfig@481] - metricsProvider.className is org.apache.zookeeper.metrics.impl.DefaultMetricsProvider
2022-02-10 14:13:36,431 [myid:] - INFO  [main:DatadirCleanupManager@78] - autopurge.snapRetainCount set to 3
2022-02-10 14:13:36,431 [myid:] - INFO  [main:DatadirCleanupManager@79] - autopurge.purgeInterval set to 0
2022-02-10 14:13:36,431 [myid:] - INFO  [main:DatadirCleanupManager@101] - Purge task is not scheduled.
2022-02-10 14:13:36,431 [myid:] - WARN  [main:QuorumPeerMain@139] - Either no config or no quorum defined in config, running in standalone mode
2022-02-10 14:13:36,433 [myid:] - INFO  [main:ManagedUtil@44] - Log4j 1.2 jmx support found and enabled.
2022-02-10 14:13:36,438 [myid:] - INFO  [main:QuorumPeerConfig@174] - Reading configuration from: D:\Program Files\Apache\apache-zookeeper-3.7.0-bin\conf\zoo.cfg
2022-02-10 14:13:36,438 [myid:] - WARN  [main:VerifyingFileFactory@65] - \tmp\zookeeper is relative. Prepend .\ to indicate that you're sure!
2022-02-10 14:13:36,438 [myid:] - INFO  [main:QuorumPeerConfig@444] - clientPortAddress is 0.0.0.0:2181
2022-02-10 14:13:36,438 [myid:] - INFO  [main:QuorumPeerConfig@448] - secureClientPort is not set
2022-02-10 14:13:36,438 [myid:] - INFO  [main:QuorumPeerConfig@464] - observerMasterPort is not set
2022-02-10 14:13:36,439 [myid:] - INFO  [main:QuorumPeerConfig@481] - metricsProvider.className is org.apache.zookeeper.metrics.impl.DefaultMetricsProvider
2022-02-10 14:13:36,439 [myid:] - INFO  [main:ZooKeeperServerMain@123] - Starting server
2022-02-10 14:13:36,446 [myid:] - INFO  [main:ServerMetrics@62] - ServerMetrics initialized with provider org.apache.zookeeper.metrics.impl.DefaultMetricsProvider@2f7c7260
2022-02-10 14:13:36,448 [myid:] - INFO  [main:DigestAuthenticationProvider@47] - ACL digest algorithm is: SHA1
2022-02-10 14:13:36,448 [myid:] - INFO  [main:DigestAuthenticationProvider@61] - zookeeper.DigestAuthenticationProvider.enabled = true
2022-02-10 14:13:36,449 [myid:] - INFO  [main:FileTxnSnapLog@124] - zookeeper.snapshot.trust.empty : false
2022-02-10 14:13:36,462 [myid:] - INFO  [main:ZookeeperBanner@42] - 
2022-02-10 14:13:36,462 [myid:] - INFO  [main:ZookeeperBanner@42] -   ______                  _                                          
2022-02-10 14:13:36,463 [myid:] - INFO  [main:ZookeeperBanner@42] -  |___  /                 | |                                         
2022-02-10 14:13:36,463 [myid:] - INFO  [main:ZookeeperBanner@42] -     / /    ___     ___   | | __   ___    ___   _ __     ___   _ __   
2022-02-10 14:13:36,463 [myid:] - INFO  [main:ZookeeperBanner@42] -    / /    / _ \   / _ \  | |/ /  / _ \  / _ \ | '_ \   / _ \ | '__|
2022-02-10 14:13:36,463 [myid:] - INFO  [main:ZookeeperBanner@42] -   / /__  | (_) | | (_) | |   <  |  __/ |  __/ | |_) | |  __/ | |    
2022-02-10 14:13:36,463 [myid:] - INFO  [main:ZookeeperBanner@42] -  /_____|  \___/   \___/  |_|\_\  \___|  \___| | .__/   \___| |_|
2022-02-10 14:13:36,463 [myid:] - INFO  [main:ZookeeperBanner@42] -                                               | |                     
2022-02-10 14:13:36,463 [myid:] - INFO  [main:ZookeeperBanner@42] -                                               |_|                     
2022-02-10 14:13:36,463 [myid:] - INFO  [main:ZookeeperBanner@42] - 
2022-02-10 14:13:45,472 [myid:] - INFO  [main:Environment@98] - Server environment:zookeeper.version=3.7.0-e3704b390a6697bfdf4b0bef79e3da7a4f6bac4b, built on 2021-03-17 09:46 UTC
2022-02-10 14:13:45,472 [myid:] - INFO  [main:Environment@98] - Server environment:host.name=DESKTOP-Xzzzz
2022-02-10 14:13:45,472 [myid:] - INFO  [main:Environment@98] - Server environment:java.version=1.8.0_282
2022-02-10 14:13:45,472 [myid:] - INFO  [main:Environment@98] - Server environment:java.vendor=AdoptOpenJDK
2022-02-10 14:13:45,472 [myid:] - INFO  [main:Environment@98] - Server environment:java.home=D:\Program Files\AdoptOpenJDK\jdk-8.0.282.8-hotspot\jre
2022-02-10 14:13:45,472 [myid:] - INFO  [main:Environment@98] - Server environment:java.class.path=D:\Program Files\Apache\apache-zookeeper-3.7.0-bin\zookeeper-server\target\classes;D:\Program Files\Apache\apache-zookeeper-3.7.0-bin\build\classes;D:\Program Files\Apache\apache-zookeeper-3.7.0-bin\zookeeper-server\target\lib\*.jar;D:\Program Files\Apache\apache-zookeeper-3.7.0-bin\build\lib\*.jar;D:\Program Files\Apache\apache-zookeeper-3.7.0-bin\lib\zookeeper-prometheus-metrics-3.7.0.jar;D:\Program Files\Apache\apache-zookeeper-3.7.0-bin\lib\zookeeper-jute-3.7.0.jar;D:\Program Files\Apache\apache-zookeeper-3.7.0-bin\lib\zookeeper-3.7.0.jar;D:\Program Files\Apache\apache-zookeeper-3.7.0-bin\lib\snappy-java-1.1.7.7.jar;D:\Program Files\Apache\apache-zookeeper-3.7.0-bin\lib\slf4j-log4j12-1.7.30.jar;D:\Program Files\Apache\apache-zookeeper-3.7.0-bin\lib\slf4j-api-1.7.30.jar;D:\Program Files\Apache\apache-zookeeper-3.7.0-bin\lib\simpleclient_servlet-0.9.0.jar;D:\Program Files\Apache\apache-zookeeper-3.7.0-bin\lib\simpleclient_hotspot-0.9.0.jar;D:\Program Files\Apache\apache-zookeeper-3.7.0-bin\lib\simpleclient_common-0.9.0.jar;D:\Program Files\Apache\apache-zookeeper-3.7.0-bin\lib\simpleclient-0.9.0.jar;D:\Program Files\Apache\apache-zookeeper-3.7.0-bin\lib\netty-transport-native-unix-common-4.1.59.Final.jar;D:\Program Files\Apache\apache-zookeeper-3.7.0-bin\lib\netty-transport-native-epoll-4.1.59.Final.jar;D:\Program Files\Apache\apache-zookeeper-3.7.0-bin\lib\netty-transport-4.1.59.Final.jar;D:\Program Files\Apache\apache-zookeeper-3.7.0-bin\lib\netty-resolver-4.1.59.Final.jar;D:\Program Files\Apache\apache-zookeeper-3.7.0-bin\lib\netty-handler-4.1.59.Final.jar;D:\Program Files\Apache\apache-zookeeper-3.7.0-bin\lib\netty-common-4.1.59.Final.jar;D:\Program Files\Apache\apache-zookeeper-3.7.0-bin\lib\netty-codec-4.1.59.Final.jar;D:\Program Files\Apache\apache-zookeeper-3.7.0-bin\lib\netty-buffer-4.1.59.Final.jar;D:\Program Files\Apache\apache-zookeeper-3.7.0-bin\lib\metrics-core-4.1.12.1.jar;D:\Program Files\Apache\apache-zookeeper-3.7.0-bin\lib\log4j-1.2.17.jar;D:\Program Files\Apache\apache-zookeeper-3.7.0-bin\lib\jline-2.14.6.jar;D:\Program Files\Apache\apache-zookeeper-3.7.0-bin\lib\jetty-util-ajax-9.4.38.v20210224.jar;D:\Program Files\Apache\apache-zookeeper-3.7.0-bin\lib\jetty-util-9.4.38.v20210224.jar;D:\Program Files\Apache\apache-zookeeper-3.7.0-bin\lib\jetty-servlet-9.4.38.v20210224.jar;D:\Program Files\Apache\apache-zookeeper-3.7.0-bin\lib\jetty-server-9.4.38.v20210224.jar;D:\Program Files\Apache\apache-zookeeper-3.7.0-bin\lib\jetty-security-9.4.38.v20210224.jar;D:\Program Files\Apache\apache-zookeeper-3.7.0-bin\lib\jetty-io-9.4.38.v20210224.jar;D:\Program Files\Apache\apache-zookeeper-3.7.0-bin\lib\jetty-http-9.4.38.v20210224.jar;D:\Program Files\Apache\apache-zookeeper-3.7.0-bin\lib\javax.servlet-api-3.1.0.jar;D:\Program Files\Apache\apache-zookeeper-3.7.0-bin\lib\jackson-databind-2.10.5.1.jar;D:\Program Files\Apache\apache-zookeeper-3.7.0-bin\lib\jackson-core-2.10.5.jar;D:\Program Files\Apache\apache-zookeeper-3.7.0-bin\lib\jackson-annotations-2.10.5.jar;D:\Program Files\Apache\apache-zookeeper-3.7.0-bin\lib\commons-cli-1.4.jar;D:\Program Files\Apache\apache-zookeeper-3.7.0-bin\lib\audience-annotations-0.12.0.jar;D:\Program Files\Apache\apache-zookeeper-3.7.0-bin\zookeeper-*.jar;D:\Program Files\Apache\apache-zookeeper-3.7.0-bin\zookeeper-server\src\main\resources\lib\*.jar;D:\Program Files\Apache\apache-zookeeper-3.7.0-bin\conf;.
2022-02-10 14:13:45,472 [myid:] - INFO  [main:Environment@98] - Server environment:java.library.path=D:\Program Files\AdoptOpenJDK\jdk-8.0.282.8-hotspot\bin;C:\WINDOWS\Sun\Java\bin;C:\WINDOWS\system32;C:\WINDOWS;C:\Users\Administrator\bin;D:\Program Files\Git\mingw64\bin;D:\Program Files\Git\usr\local\bin;D:\Program Files\Git\usr\bin;D:\Program Files\Git\usr\bin;D:\Program Files\Git\mingw64\bin;D:\Program Files\Git\usr\bin;C:\Users\Administrator\bin;D:\Program Files (x86)\VMware\VMware Workstation\bin;D:\Program Files\AdoptOpenJDK\jdk-8.0.282.8-hotspot\bin;C:\WINDOWS\system32;C:\WINDOWS;C:\WINDOWS\System32\Wbem;C:\WINDOWS\System32\WindowsPowerShell\v1.0;C:\WINDOWS\System32\OpenSSH;C:\ProgramData\chocolatey\bin;D:\Program Files\Git\cmd;D:\Program Files\nodejs;C:\Program Files\dotnet;D:\Program Files\python\Scripts;D:\Program Files\python;C:\Users\Administrator\AppData\Local\Microsoft\WindowsApps;D:\Program Files\Microsoft VS Code\bin;D:\Program Files\GitHub CLI;C:\Program Files\Bandizip;C:\Program Files\JetBrains\IntelliJ IDEA 2021.2.3\bin;D:\Program Files\JetBrains\WebStorm 2020.3.3\bin;C:\Users\Administrator\AppData\Roaming\npm;C:\Users\Administrator\AppData\Local\GitHubDesktop\bin;D:\Program Files\JetBrains\DataGrip 2021.1.3\bin;D:\Program Files\Git\usr\bin\vendor_perl;D:\Program Files\Git\usr\bin\core_perl;.
2022-02-10 14:13:45,472 [myid:] - INFO  [main:Environment@98] - Server environment:java.io.tmpdir=C:\Users\ADMINI~1\AppData\Local\Temp\
2022-02-10 14:13:45,473 [myid:] - INFO  [main:Environment@98] - Server environment:java.compiler=<NA>
2022-02-10 14:13:45,473 [myid:] - INFO  [main:Environment@98] - Server environment:os.name=Windows 10
2022-02-10 14:13:45,473 [myid:] - INFO  [main:Environment@98] - Server environment:os.arch=amd64
2022-02-10 14:13:45,473 [myid:] - INFO  [main:Environment@98] - Server environment:os.version=10.0
2022-02-10 14:13:45,473 [myid:] - INFO  [main:Environment@98] - Server environment:user.name=Administrator
2022-02-10 14:13:45,473 [myid:] - INFO  [main:Environment@98] - Server environment:user.home=C:\Users\Administrator
2022-02-10 14:13:45,473 [myid:] - INFO  [main:Environment@98] - Server environment:user.dir=D:\Program Files\Apache\apache-zookeeper-3.7.0-bin\bin
2022-02-10 14:13:45,473 [myid:] - INFO  [main:Environment@98] - Server environment:os.memory.free=463MB
2022-02-10 14:13:45,473 [myid:] - INFO  [main:Environment@98] - Server environment:os.memory.max=889MB
2022-02-10 14:13:45,473 [myid:] - INFO  [main:Environment@98] - Server environment:os.memory.total=489MB
2022-02-10 14:13:45,473 [myid:] - INFO  [main:ZooKeeperServer@138] - zookeeper.enableEagerACLCheck = false
2022-02-10 14:13:45,473 [myid:] - INFO  [main:ZooKeeperServer@151] - zookeeper.digest.enabled = true
2022-02-10 14:13:45,473 [myid:] - INFO  [main:ZooKeeperServer@155] - zookeeper.closeSessionTxn.enabled = true
2022-02-10 14:13:45,473 [myid:] - INFO  [main:ZooKeeperServer@1499] - zookeeper.flushDelay=0
2022-02-10 14:13:45,473 [myid:] - INFO  [main:ZooKeeperServer@1508] - zookeeper.maxWriteQueuePollTime=0
2022-02-10 14:13:45,473 [myid:] - INFO  [main:ZooKeeperServer@1517] - zookeeper.maxBatchSize=1000
2022-02-10 14:13:45,473 [myid:] - INFO  [main:ZooKeeperServer@260] - zookeeper.intBufferStartingSizeBytes = 1024
2022-02-10 14:13:45,474 [myid:] - INFO  [main:BlueThrottle@141] - Weighed connection throttling is disabled
2022-02-10 14:13:45,476 [myid:] - INFO  [main:ZooKeeperServer@1300] - minSessionTimeout set to 4000
2022-02-10 14:13:45,476 [myid:] - INFO  [main:ZooKeeperServer@1309] - maxSessionTimeout set to 40000
2022-02-10 14:13:45,477 [myid:] - INFO  [main:ResponseCache@45] - getData response cache size is initialized with value 400.
2022-02-10 14:13:45,477 [myid:] - INFO  [main:ResponseCache@45] - getChildren response cache size is initialized with value 400.
2022-02-10 14:13:45,477 [myid:] - INFO  [main:RequestPathMetricsCollector@109] - zookeeper.pathStats.slotCapacity = 60
2022-02-10 14:13:45,477 [myid:] - INFO  [main:RequestPathMetricsCollector@110] - zookeeper.pathStats.slotDuration = 15
2022-02-10 14:13:45,477 [myid:] - INFO  [main:RequestPathMetricsCollector@111] - zookeeper.pathStats.maxDepth = 6
2022-02-10 14:13:45,477 [myid:] - INFO  [main:RequestPathMetricsCollector@112] - zookeeper.pathStats.initialDelay = 5
2022-02-10 14:13:45,477 [myid:] - INFO  [main:RequestPathMetricsCollector@113] - zookeeper.pathStats.delay = 5
2022-02-10 14:13:45,478 [myid:] - INFO  [main:RequestPathMetricsCollector@114] - zookeeper.pathStats.enabled = false
2022-02-10 14:13:45,479 [myid:] - INFO  [main:ZooKeeperServer@1536] - The max bytes for all large requests are set to 104857600
2022-02-10 14:13:45,479 [myid:] - INFO  [main:ZooKeeperServer@1550] - The large request threshold is set to -1
2022-02-10 14:13:45,479 [myid:] - INFO  [main:AuthenticationHelper@66] - zookeeper.enforce.auth.enabled = false
2022-02-10 14:13:45,480 [myid:] - INFO  [main:AuthenticationHelper@67] - zookeeper.enforce.auth.schemes = []
2022-02-10 14:13:45,480 [myid:] - INFO  [main:ZooKeeperServer@361] - Created server with tickTime 2000 minSessionTimeout 4000 maxSessionTimeout 40000 clientPortListenBacklog -1 datadir \tmp\zookeeper\version-2 snapdir \tmp\zookeeper\version-2
2022-02-10 14:13:45,498 [myid:] - INFO  [main:Log@169] - Logging initialized @10080ms to org.eclipse.jetty.util.log.Slf4jLog
2022-02-10 14:13:45,557 [myid:] - WARN  [main:ContextHandler@1660] - o.e.j.s.ServletContextHandler@59e5ddf{/,null,STOPPED} contextPath ends with /*
2022-02-10 14:13:45,557 [myid:] - WARN  [main:ContextHandler@1671] - Empty contextPath
2022-02-10 14:13:45,567 [myid:] - INFO  [main:Server@375] - jetty-9.4.38.v20210224; built: 2021-02-24T20:25:07.675Z; git: 288f3cc74549e8a913bf363250b0744f2695b8e6; jvm 1.8.0_282-b08
2022-02-10 14:13:45,592 [myid:] - INFO  [main:DefaultSessionIdManager@334] - DefaultSessionIdManager workerName=node0
2022-02-10 14:13:45,592 [myid:] - INFO  [main:DefaultSessionIdManager@339] - No SessionScavenger set, using defaults
2022-02-10 14:13:45,593 [myid:] - INFO  [main:HouseKeeper@132] - node0 Scavenging every 660000ms
2022-02-10 14:13:45,595 [myid:] - WARN  [main:ConstraintSecurityHandler@759] - ServletContext@o.e.j.s.ServletContextHandler@59e5ddf{/,null,STARTING} has uncovered http methods for path: /*
2022-02-10 14:13:45,602 [myid:] - INFO  [main:ContextHandler@916] - Started o.e.j.s.ServletContextHandler@59e5ddf{/,null,AVAILABLE}
2022-02-10 14:13:45,617 [myid:] - INFO  [main:AbstractConnector@331] - Started ServerConnector@527740a2{HTTP/1.1, (http/1.1)}{0.0.0.0:8080}
2022-02-10 14:13:45,617 [myid:] - INFO  [main:Server@415] - Started @10198ms
2022-02-10 14:13:45,617 [myid:] - INFO  [main:JettyAdminServer@181] - Started AdminServer on address 0.0.0.0, port 8080 and command URL /commands
2022-02-10 14:13:45,622 [myid:] - INFO  [main:ServerCnxnFactory@169] - Using org.apache.zookeeper.server.NIOServerCnxnFactory as server connection factory
2022-02-10 14:13:45,626 [myid:] - WARN  [main:ServerCnxnFactory@309] - maxCnxns is not configured, using default value 0.
2022-02-10 14:13:45,627 [myid:] - INFO  [main:NIOServerCnxnFactory@652] - Configuring NIO connection handler with 10s sessionless connection timeout, 3 selector thread(s), 40 worker threads, and 64 kB direct buffers.
2022-02-10 14:13:45,629 [myid:] - INFO  [main:NIOServerCnxnFactory@660] - binding to port 0.0.0.0/0.0.0.0:2181
2022-02-10 14:13:45,637 [myid:] - INFO  [main:WatchManagerFactory@42] - Using org.apache.zookeeper.server.watch.WatchManager as watch manager
2022-02-10 14:13:45,637 [myid:] - INFO  [main:WatchManagerFactory@42] - Using org.apache.zookeeper.server.watch.WatchManager as watch manager
2022-02-10 14:13:45,638 [myid:] - INFO  [main:ZKDatabase@133] - zookeeper.snapshotSizeFactor = 0.33
2022-02-10 14:13:45,638 [myid:] - INFO  [main:ZKDatabase@153] - zookeeper.commitLogCount=500
2022-02-10 14:13:45,641 [myid:] - INFO  [main:SnapStream@61] - zookeeper.snapshot.compression.method = CHECKED
2022-02-10 14:13:45,641 [myid:] - INFO  [main:FileTxnSnapLog@479] - Snapshotting: 0x0 to \tmp\zookeeper\version-2\snapshot.0
2022-02-10 14:13:45,643 [myid:] - INFO  [main:ZKDatabase@290] - Snapshot loaded in 6 ms, highest zxid is 0x0, digest is 1371985504
2022-02-10 14:13:45,644 [myid:] - INFO  [main:FileTxnSnapLog@479] - Snapshotting: 0x0 to \tmp\zookeeper\version-2\snapshot.0
2022-02-10 14:13:45,644 [myid:] - INFO  [main:ZooKeeperServer@543] - Snapshot taken in 1 ms
2022-02-10 14:13:45,650 [myid:] - INFO  [ProcessThread(sid:0 cport:2181)::PrepRequestProcessor@137] - PrepRequestProcessor (sid:0) started, reconfigEnabled=false
2022-02-10 14:13:45,650 [myid:] - INFO  [main:RequestThrottler@75] - zookeeper.request_throttler.shutdownTimeout = 10000
2022-02-10 14:13:45,659 [myid:] - INFO  [main:ContainerManager@84] - Using checkIntervalMs=60000 maxPerMinute=10000 maxNeverUsedIntervalMs=0
2022-02-10 14:13:45,659 [myid:] - INFO  [main:ZKAuditProvider@42] - ZooKeeper audit is disabled.
2022-02-10 14:14:04,309 [myid:] - INFO  [SyncThread:0:FileTxnLog@284] - Creating new log file: log.1
2022-02-10 14:15:23,519 [myid:] - WARN  [NIOWorkerThread-17:NIOServerCnxn@380] - Close of session 0x100065067060000
java.io.IOException: 远程主机强迫关闭了一个现有的连接。
	at sun.nio.ch.SocketDispatcher.read0(Native Method)
	at sun.nio.ch.SocketDispatcher.read(SocketDispatcher.java:43)
	at sun.nio.ch.IOUtil.readIntoNativeBuffer(IOUtil.java:223)
	at sun.nio.ch.IOUtil.read(IOUtil.java:197)
	at sun.nio.ch.SocketChannelImpl.read(SocketChannelImpl.java:379)
	at org.apache.zookeeper.server.NIOServerCnxn.doIO(NIOServerCnxn.java:331)
	at org.apache.zookeeper.server.NIOServerCnxnFactory$IOWorkRequest.doWork(NIOServerCnxnFactory.java:508)
	at org.apache.zookeeper.server.WorkerService$ScheduledWorkRequest.run(WorkerService.java:154)
	at java.util.concurrent.ThreadPoolExecutor.runWorker(ThreadPoolExecutor.java:1149)
	at java.util.concurrent.ThreadPoolExecutor$Worker.run(ThreadPoolExecutor.java:624)
	at java.lang.Thread.run(Thread.java:748)
2022-02-10 14:15:45,096 [myid:] - INFO  [SessionTracker:ZooKeeperServer@628] - Expiring session 0x100065067060000, timeout of 30000ms exceeded
2022-02-10 14:16:33,799 [myid:] - WARN  [NIOWorkerThread-30:NIOServerCnxn@380] - Close of session 0x100065067060001
java.io.IOException: 远程主机强迫关闭了一个现有的连接。
	at sun.nio.ch.SocketDispatcher.read0(Native Method)
	at sun.nio.ch.SocketDispatcher.read(SocketDispatcher.java:43)
	at sun.nio.ch.IOUtil.readIntoNativeBuffer(IOUtil.java:223)
	at sun.nio.ch.IOUtil.read(IOUtil.java:197)
	at sun.nio.ch.SocketChannelImpl.read(SocketChannelImpl.java:379)
	at org.apache.zookeeper.server.NIOServerCnxn.doIO(NIOServerCnxn.java:331)
	at org.apache.zookeeper.server.NIOServerCnxnFactory$IOWorkRequest.doWork(NIOServerCnxnFactory.java:508)
	at org.apache.zookeeper.server.WorkerService$ScheduledWorkRequest.run(WorkerService.java:154)
	at java.util.concurrent.ThreadPoolExecutor.runWorker(ThreadPoolExecutor.java:1149)
	at java.util.concurrent.ThreadPoolExecutor$Worker.run(ThreadPoolExecutor.java:624)
	at java.lang.Thread.run(Thread.java:748)
2022-02-10 14:16:43,969 [myid:] - INFO  [NIOWorkerThread-31:FourLetterCommands@223] - The list of known four letter word commands is : [{1936881266=srvr, 1937006964=stat, 2003003491=wchc, 1685417328=dump, 1668445044=crst, 1936880500=srst, 1701738089=envi, 1668247142=conf, -720899=telnet close, 1751217000=hash, 2003003507=wchs, 2003003504=wchp, 1684632179=dirs, 1668247155=cons, 1835955314=mntr, 1769173615=isro, 1920298859=ruok, 1735683435=gtmk, 1937010027=stmk}]
2022-02-10 14:16:43,969 [myid:] - INFO  [NIOWorkerThread-31:FourLetterCommands@224] - The list of enabled four letter word commands is : [[srvr]]
2022-02-10 14:16:43,969 [myid:] - INFO  [NIOWorkerThread-31:NIOServerCnxn@514] - Processing srvr command from /127.0.0.1:51087
2022-02-10 14:16:57,096 [myid:] - INFO  [SessionTracker:ZooKeeperServer@628] - Expiring session 0x100065067060001, timeout of 30000ms exceeded
2022-02-11 04:00:01,265 [myid:] - WARN  [NIOWorkerThread-16:NIOServerCnxn@380] - Close of session 0x100065067060002
java.io.IOException: 远程主机强迫关闭了一个现有的连接。
	at sun.nio.ch.SocketDispatcher.read0(Native Method)
	at sun.nio.ch.SocketDispatcher.read(SocketDispatcher.java:43)
	at sun.nio.ch.IOUtil.readIntoNativeBuffer(IOUtil.java:223)
	at sun.nio.ch.IOUtil.read(IOUtil.java:197)
	at sun.nio.ch.SocketChannelImpl.read(SocketChannelImpl.java:379)
	at org.apache.zookeeper.server.NIOServerCnxn.doIO(NIOServerCnxn.java:331)
	at org.apache.zookeeper.server.NIOServerCnxnFactory$IOWorkRequest.doWork(NIOServerCnxnFactory.java:508)
	at org.apache.zookeeper.server.WorkerService$ScheduledWorkRequest.run(WorkerService.java:154)
	at java.util.concurrent.ThreadPoolExecutor.runWorker(ThreadPoolExecutor.java:1149)
	at java.util.concurrent.ThreadPoolExecutor$Worker.run(ThreadPoolExecutor.java:624)
	at java.lang.Thread.run(Thread.java:748)
